<?xml version="1.0" encoding="UTF-8"?>
<testng-results ignored="0" total="1" passed="1" failed="0" skipped="0">
  <reporter-output>
  </reporter-output>
  <suite started-at="2021-10-10T23:06:51 IST" name="Default suite" finished-at="2021-10-10T23:07:14 IST" duration-ms="23946">
    <groups>
    </groups>
    <test started-at="2021-10-10T23:06:51 IST" name="Default test" finished-at="2021-10-10T23:07:14 IST" duration-ms="23946">
      <class name="com.contact.Tc_005_CreateContact_Data_Test">
        <test-method signature="Tc_CreateContactDatawithAddress()[pri:0, instance:com.contact.Tc_005_CreateContact_Data_Test@3a44431a]" started-at="2021-10-10T23:06:51 IST" name="Tc_CreateContactDatawithAddress" finished-at="2021-10-10T23:07:14 IST" duration-ms="23857" status="PASS">
          <reporter-output>
          </reporter-output>
        </test-method> <!-- Tc_CreateContactDatawithAddress -->
      </class> <!-- com.contact.Tc_005_CreateContact_Data_Test -->
    </test> <!-- Default test -->
  </suite> <!-- Default suite -->
</testng-results>
