<?xml version="1.0" encoding="UTF-8"?>
<testng-results ignored="0" total="1" passed="1" failed="0" skipped="0">
  <reporter-output>
  </reporter-output>
  <suite started-at="2021-09-30T18:26:00 IST" name="Default suite" finished-at="2021-09-30T18:26:19 IST" duration-ms="18733">
    <groups>
    </groups>
    <test started-at="2021-09-30T18:26:00 IST" name="Default test" finished-at="2021-09-30T18:26:19 IST" duration-ms="18733">
      <class name="com.SwiZo.specimen.CreateCasePage1">
        <test-method is-config="true" signature="openBrowser()[pri:0, instance:com.SwiZo.specimen.CreateCasePage1@2d710f1a]" started-at="2021-09-30T18:26:01 IST" name="openBrowser" finished-at="2021-09-30T18:26:07 IST" duration-ms="6388" status="PASS">
          <reporter-output>
          </reporter-output>
        </test-method> <!-- openBrowser -->
        <test-method signature="Case()[pri:0, instance:com.SwiZo.specimen.CreateCasePage1@2d710f1a]" started-at="2021-09-30T18:26:07 IST" name="Case" finished-at="2021-09-30T18:26:18 IST" duration-ms="10400" status="PASS">
          <reporter-output>
          </reporter-output>
        </test-method> <!-- Case -->
        <test-method is-config="true" signature="closeBrowser()[pri:0, instance:com.SwiZo.specimen.CreateCasePage1@2d710f1a]" started-at="2021-09-30T18:26:18 IST" name="closeBrowser" finished-at="2021-09-30T18:26:19 IST" duration-ms="759" status="PASS">
          <reporter-output>
          </reporter-output>
        </test-method> <!-- closeBrowser -->
      </class> <!-- com.SwiZo.specimen.CreateCasePage1 -->
    </test> <!-- Default test -->
  </suite> <!-- Default suite -->
</testng-results>
