<?xml version="1.0" encoding="UTF-8"?>
<testng-results ignored="0" total="1" passed="1" failed="0" skipped="0">
  <reporter-output>
  </reporter-output>
  <suite started-at="2021-09-14T10:47:04 IST" name="Default suite" finished-at="2021-09-14T10:48:11 IST" duration-ms="66436">
    <groups>
    </groups>
    <test started-at="2021-09-14T10:47:04 IST" name="Default test" finished-at="2021-09-14T10:48:11 IST" duration-ms="66436">
      <class name="com.SwiZo.ability.PotentialPageTest">
        <test-method is-config="true" signature="openBrowser()[pri:0, instance:com.SwiZo.ability.PotentialPageTest@1a6d8329]" started-at="2021-09-14T10:47:04 IST" name="openBrowser" finished-at="2021-09-14T10:47:20 IST" duration-ms="15111" status="PASS">
          <reporter-output>
          </reporter-output>
        </test-method> <!-- openBrowser -->
        <test-method signature="main()[pri:0, instance:com.SwiZo.ability.PotentialPageTest@1a6d8329]" started-at="2021-09-14T10:47:20 IST" name="main" finished-at="2021-09-14T10:48:10 IST" duration-ms="50115" status="PASS">
          <reporter-output>
          </reporter-output>
        </test-method> <!-- main -->
        <test-method is-config="true" signature="closeBrowser()[pri:0, instance:com.SwiZo.ability.PotentialPageTest@1a6d8329]" started-at="2021-09-14T10:48:10 IST" name="closeBrowser" finished-at="2021-09-14T10:48:11 IST" duration-ms="995" status="PASS">
          <reporter-output>
          </reporter-output>
        </test-method> <!-- closeBrowser -->
      </class> <!-- com.SwiZo.ability.PotentialPageTest -->
    </test> <!-- Default test -->
  </suite> <!-- Default suite -->
</testng-results>
