<?xml version="1.0" encoding="UTF-8"?>
<!-- Generated by org.testng.reporters.JUnitXMLReporter -->
<testsuite ignored="0" hostname="DESKTOP-LC2OIGE" failures="0" tests="9" name="Test" time="186.715" errors="0" timestamp="2021-09-11T13:18:58 IST">
  <testcase classname="com.SwiZo.communique.CreateAccountTest" name="main" time="19.72"/>
  <testcase classname="com.SwiZo.crusade.CampaignTest" name="run" time="12.549"/>
  <testcase classname="com.SwiZo.ability.PotentialPageTest" name="main" time="17.364"/>
  <testcase classname="com.SwiZo.escort.CreateLeadTest" name="main" time="11.46"/>
  <testcase classname="com.SwiZo.specimen.CreateCasePage1" name="main" time="17.129"/>
  <testcase classname="com.SwiZo.proximity.EditContactTest" name="main" time="14.534"/>
  <testcase classname="com.SwiZo.ability.PTTest" name="main" time="17.053"/>
  <testcase classname="com.SwiZo.importunity.PurchaseTest" name="main" time="16.255"/>
  <testcase classname="com.SwiZo.reckoring.InvoicePage" name="invoice" time="14.48"/>
</testsuite> <!-- Test -->
