<?xml version="1.0" encoding="UTF-8"?>
<testng-results ignored="0" total="1" passed="1" failed="0" skipped="0">
  <reporter-output>
  </reporter-output>
  <suite started-at="2023-06-16T21:27:05 IST" name="Default suite" finished-at="2023-06-16T21:27:10 IST" duration-ms="5617">
    <groups>
    </groups>
    <test started-at="2023-06-16T21:27:05 IST" name="Default test" finished-at="2023-06-16T21:27:10 IST" duration-ms="5617">
      <class name="com.Authentication.Auth2Test">
        <test-method signature="oauth2()[pri:0, instance:com.Authentication.Auth2Test@49912c99]" started-at="2023-06-16T21:27:05 IST" name="oauth2" finished-at="2023-06-16T21:27:10 IST" duration-ms="5540" status="PASS">
          <reporter-output>
          </reporter-output>
        </test-method> <!-- oauth2 -->
      </class> <!-- com.Authentication.Auth2Test -->
    </test> <!-- Default test -->
  </suite> <!-- Default suite -->
</testng-results>
