<?xml version="1.0" encoding="UTF-8"?>
<testng-results ignored="0" total="1" passed="1" failed="0" skipped="0">
  <reporter-output>
  </reporter-output>
  <suite started-at="2021-12-07T14:38:20 IST" name="Suite" finished-at="2021-12-07T14:38:26 IST" duration-ms="5999">
    <groups>
    </groups>
    <test started-at="2021-12-07T14:38:20 IST" name="Test" finished-at="2021-12-07T14:38:26 IST" duration-ms="5999">
      <class name="com.rmgyantra.ProjectWithFramework.CreateProjectWithCompleteStatusTest">
        <test-method is-config="true" signature="configBeforeSuite()[pri:0, instance:com.rmgyantra.ProjectWithFramework.CreateProjectWithCompleteStatusTest@6cd28fa7]" started-at="2021-12-07T14:38:18 IST" name="configBeforeSuite" finished-at="2021-12-07T14:38:20 IST" duration-ms="1446" status="PASS">
          <reporter-output>
          </reporter-output>
        </test-method> <!-- configBeforeSuite -->
        <test-method signature="createprojectwithcompletedstatus()[pri:0, instance:com.rmgyantra.ProjectWithFramework.CreateProjectWithCompleteStatusTest@6cd28fa7]" started-at="2021-12-07T14:38:20 IST" name="createprojectwithcompletedstatus" finished-at="2021-12-07T14:38:26 IST" duration-ms="5935" status="PASS">
          <reporter-output>
          </reporter-output>
        </test-method> <!-- createprojectwithcompletedstatus -->
        <test-method is-config="true" signature="configAfterSuite()[pri:0, instance:com.rmgyantra.ProjectWithFramework.CreateProjectWithCompleteStatusTest@6cd28fa7]" started-at="2021-12-07T14:38:26 IST" name="configAfterSuite" finished-at="2021-12-07T14:38:26 IST" duration-ms="28" status="PASS">
          <reporter-output>
          </reporter-output>
        </test-method> <!-- configAfterSuite -->
      </class> <!-- com.rmgyantra.ProjectWithFramework.CreateProjectWithCompleteStatusTest -->
    </test> <!-- Test -->
  </suite> <!-- Suite -->
</testng-results>
