<?xml version="1.0" encoding="UTF-8"?>
<testng-results ignored="0" total="1" passed="1" failed="0" skipped="0">
  <reporter-output>
  </reporter-output>
  <suite started-at="2023-07-19T20:44:51 IST" name="Default suite" finished-at="2023-07-19T20:44:52 IST" duration-ms="503">
    <groups>
    </groups>
    <test started-at="2023-07-19T20:44:51 IST" name="Default test" finished-at="2023-07-19T20:44:52 IST" duration-ms="503">
      <class name="project.pojolibrary.ComplexPayload.CreateNestedJsonFromPojoClass">
        <test-method signature="nested()[pri:0, instance:project.pojolibrary.ComplexPayload.CreateNestedJsonFromPojoClass@223aa2f7]" started-at="2023-07-19T20:44:51 IST" name="nested" finished-at="2023-07-19T20:44:52 IST" duration-ms="430" status="PASS">
          <reporter-output>
          </reporter-output>
        </test-method> <!-- nested -->
      </class> <!-- project.pojolibrary.ComplexPayload.CreateNestedJsonFromPojoClass -->
    </test> <!-- Default test -->
  </suite> <!-- Default suite -->
</testng-results>
